<?xml version="1.0" encoding="UTF-8"?>
<!-- Generated by org.testng.reporters.JUnitReportReporter -->
<testsuite hostname="L31279WIN-1" name="RunCukesTest" tests="1" failures="0" timestamp="26 Sep 2018 07:08:35 GMT" time="248.028" errors="0">
  <testcase name="run_cukes" time="248.028" classname="RunCukesTest"/>
</testsuite> <!-- RunCukesTest -->
